<?xml version="1.0" encoding="UTF-8"?>
<testsuite xmlns:xsi="http://www.w3.org/2001/XMLSchema-instance" xsi:noNamespaceSchemaLocation="https://maven.apache.org/surefire/maven-surefire-plugin/xsd/surefire-test-report.xsd" version="3.0.2" name="AI_PRJ.WEBAPP.HelpApiTest" time="19.639" tests="4" errors="0" skipped="0" failures="0">
  <properties>
[...]
</properties>
  <testcase name="testRecordSupportThrowsException" classname="AI_PRJ.WEBAPP.HelpApiTest" time="1.384">
    <system-out><![CDATA[
  .   ____          _            __ _ _
 /\\ / ___'_ __ _ _(_)_ __  __ _ \ \ \ \
( ( )\___ | '_ | '_| | '_ \/ _` | \ \ \ \
 \\/  ___)| |_)| | | | | || (_| |  ) ) ) )
  '  |____| .__|_| |_|_| |_\__, | / / / /
 =========|_|==============|___/=/_/_/_/

 :: Spring Boot ::                (v3.5.4)

2025-08-19T07:37:19.820+07:00  INFO 29488 --- [WEBAPP STEM] [           main] AI_PRJ.WEBAPP.HelpApiTest                : Starting HelpApiTest using Java 24.0.2 with PID 29488 (started by hoangvu2004 in C:\Users\hoangvu2004\Desktop\UTH_laptrinhjava\AI_PRJ\WEBAPP)
2025-08-19T07:37:19.823+07:00  INFO 29488 --- [WEBAPP STEM] [           main] AI_PRJ.WEBAPP.HelpApiTest                : No active profile set, falling back to 1 default profile: "default"
2025-08-19T07:37:21.678+07:00  INFO 29488 --- [WEBAPP STEM] [           main] .s.d.r.c.RepositoryConfigurationDelegate : Bootstrapping Spring Data JPA repositories in DEFAULT mode.
2025-08-19T07:37:21.874+07:00  INFO 29488 --- [WEBAPP STEM] [           main] .s.d.r.c.RepositoryConfigurationDelegate : Finished Spring Data repository scanning in 170 ms. Found 6 JPA repository interfaces.
2025-08-19T07:37:23.631+07:00  INFO 29488 --- [WEBAPP STEM] [           main] o.s.b.w.embedded.tomcat.TomcatWebServer  : Tomcat initialized with port 0 (http)
2025-08-19T07:37:23.687+07:00  INFO 29488 --- [WEBAPP STEM] [           main] o.apache.catalina.core.StandardService   : Starting service [Tomcat]
2025-08-19T07:37:23.688+07:00  INFO 29488 --- [WEBAPP STEM] [           main] o.apache.catalina.core.StandardEngine    : Starting Servlet engine: [Apache Tomcat/10.1.43]
2025-08-19T07:37:23.845+07:00  INFO 29488 --- [WEBAPP STEM] [           main] o.a.c.c.C.[Tomcat].[localhost].[/]       : Initializing Spring embedded WebApplicationContext
2025-08-19T07:37:23.847+07:00  INFO 29488 --- [WEBAPP STEM] [           main] w.s.c.ServletWebServerApplicationContext : Root WebApplicationContext: initialization completed in 3986 ms
2025-08-19T07:37:24.193+07:00  INFO 29488 --- [WEBAPP STEM] [           main] com.zaxxer.hikari.HikariDataSource       : HikariPool-1 - Starting...
2025-08-19T07:37:25.197+07:00  INFO 29488 --- [WEBAPP STEM] [           main] com.zaxxer.hikari.pool.HikariPool        : HikariPool-1 - Added connection com.mysql.cj.jdbc.ConnectionImpl@56ec6960
2025-08-19T07:37:25.205+07:00  INFO 29488 --- [WEBAPP STEM] [           main] com.zaxxer.hikari.HikariDataSource       : HikariPool-1 - Start completed.
2025-08-19T07:37:28.349+07:00  INFO 29488 --- [WEBAPP STEM] [           main] o.hibernate.jpa.internal.util.LogHelper  : HHH000204: Processing PersistenceUnitInfo [name: default]
2025-08-19T07:37:28.574+07:00  INFO 29488 --- [WEBAPP STEM] [           main] org.hibernate.Version                    : HHH000412: Hibernate ORM core version 6.6.22.Final
2025-08-19T07:37:28.712+07:00  INFO 29488 --- [WEBAPP STEM] [           main] o.h.c.internal.RegionFactoryInitiator    : HHH000026: Second-level cache disabled
2025-08-19T07:37:29.677+07:00  INFO 29488 --- [WEBAPP STEM] [           main] o.s.o.j.p.SpringPersistenceUnitInfo      : No LoadTimeWeaver setup: ignoring JPA class transformer
2025-08-19T07:37:29.882+07:00  WARN 29488 --- [WEBAPP STEM] [           main] org.hibernate.orm.deprecation            : HHH90000025: MySQLDialect does not need to be specified explicitly using 'hibernate.dialect' (remove the property setting and it will be selected by default)
2025-08-19T07:37:29.913+07:00  INFO 29488 --- [WEBAPP STEM] [           main] org.hibernate.orm.connections.pooling    : HHH10001005: Database info:
	Database JDBC URL [Connecting through datasource 'HikariDataSource (HikariPool-1)']
	Database driver: undefined/unknown
	Database version: 8.0.42
	Autocommit mode: undefined/unknown
	Isolation level: undefined/unknown
	Minimum pool size: undefined/unknown
	Maximum pool size: undefined/unknown
2025-08-19T07:37:32.550+07:00  INFO 29488 --- [WEBAPP STEM] [           main] o.h.e.t.j.p.i.JtaPlatformInitiator       : HHH000489: No JTA platform available (set 'hibernate.transaction.jta.platform' to enable JTA platform integration)
Hibernate: alter table kits modify column age_range varchar(255)
Hibernate: alter table kits modify column description varchar(255)
Hibernate: alter table kits modify column difficulty_level varchar(255)
Hibernate: alter table kits modify column name varchar(255)
Hibernate: alter table kits modify column price integer
2025-08-19T07:37:33.538+07:00  INFO 29488 --- [WEBAPP STEM] [           main] j.LocalContainerEntityManagerFactoryBean : Initialized JPA EntityManagerFactory for persistence unit 'default'
2025-08-19T07:37:34.763+07:00  WARN 29488 --- [WEBAPP STEM] [           main] JpaBaseConfiguration$JpaWebConfiguration : spring.jpa.open-in-view is enabled by default. Therefore, database queries may be performed during view rendering. Explicitly configure spring.jpa.open-in-view to disable this warning
2025-08-19T07:37:35.396+07:00  INFO 29488 --- [WEBAPP STEM] [           main] eAuthenticationProviderManagerConfigurer : Global AuthenticationManager configured with AuthenticationProvider bean with name authenticationProvider
2025-08-19T07:37:35.397+07:00  WARN 29488 --- [WEBAPP STEM] [           main] r$InitializeUserDetailsManagerConfigurer : Global AuthenticationManager configured with an AuthenticationProvider bean. UserDetailsService beans will not be used by Spring Security for automatically configuring username/password login. Consider removing the AuthenticationProvider bean. Alternatively, consider using the UserDetailsService in a manually instantiated DaoAuthenticationProvider. If the current configuration is intentional, to turn off this warning, increase the logging level of 'org.springframework.security.config.annotation.authentication.configuration.InitializeUserDetailsBeanManagerConfigurer' to ERROR
2025-08-19T07:37:36.521+07:00  INFO 29488 --- [WEBAPP STEM] [           main] o.s.b.w.embedded.tomcat.TomcatWebServer  : Tomcat started on port 3169 (http) with context path '/'
2025-08-19T07:37:36.541+07:00  INFO 29488 --- [WEBAPP STEM] [           main] AI_PRJ.WEBAPP.HelpApiTest                : Started HelpApiTest in 17.563 seconds (process running for 20.737)
]]></system-out>
    <system-err><![CDATA[Mockito is currently self-attaching to enable the inline-mock-maker. This will no longer work in future releases of the JDK. Please add Mockito as an agent to your build as described in Mockito's documentation: https://javadoc.io/doc/org.mockito/mockito-core/latest/org.mockito/org/mockito/Mockito.html#0.3
WARNING: A Java agent has been loaded dynamically (C:\Users\hoangvu2004\.m2\repository\net\bytebuddy\byte-buddy-agent\1.17.6\byte-buddy-agent-1.17.6.jar)
WARNING: If a serviceability tool is in use, please run with -XX:+EnableDynamicAgentLoading to hide this warning
WARNING: If a serviceability tool is not in use, please run with -Djdk.instrument.traceUsage for more information
WARNING: Dynamic loading of agents will be disallowed by default in a future release
]]></system-err>
  </testcase>
  <testcase name="testRecordSupportLimitExceeded" classname="AI_PRJ.WEBAPP.HelpApiTest" time="0.042"/>
  <testcase name="testGetSupportCount" classname="AI_PRJ.WEBAPP.HelpApiTest" time="0.021"/>
  <testcase name="testRecordSupportSuccess" classname="AI_PRJ.WEBAPP.HelpApiTest" time="0.022"/>
</testsuite>